Streaming transaction logs mentioning GQ9tD6hwnaHvSvwyFEEwKxHAhy3thvhiVFTE33LsKeye. Confirmed commitment
Transaction executed in slot 116133121:
  Signature: 5t7YhmDVXjehNkALjw1Z83mt43Mwm3LeN2GeN1T64bByMrSbyqMrTqfrDSMhVoTKKvQadhK6EJG3vSQUYZR4HTYr
  Status: Ok
  Log Messages:
    Program GQ9tD6hwnaHvSvwyFEEwKxHAhy3thvhiVFTE33LsKeye invoke [1]
    Program log: Instruction: Initialize
    Program 11111111111111111111111111111111 invoke [2]
    Program 11111111111111111111111111111111 success
    Program TokenkegQfeZyiNwAJbNbGKPFXCWuBvf9Ss623VQ5DA invoke [2]
    Program log: Instruction: InitializeAccount
    Program TokenkegQfeZyiNwAJbNbGKPFXCWuBvf9Ss623VQ5DA consumed 3272 of 187874 compute units
    Program TokenkegQfeZyiNwAJbNbGKPFXCWuBvf9Ss623VQ5DA success
    Program TokenkegQfeZyiNwAJbNbGKPFXCWuBvf9Ss623VQ5DA invoke [2]
    Program log: Instruction: SetAuthority
    Program TokenkegQfeZyiNwAJbNbGKPFXCWuBvf9Ss623VQ5DA consumed 1770 of 170410 compute units
    Program TokenkegQfeZyiNwAJbNbGKPFXCWuBvf9Ss623VQ5DA success
    Program GQ9tD6hwnaHvSvwyFEEwKxHAhy3thvhiVFTE33LsKeye consumed 32264 of 200000 compute units
    Program GQ9tD6hwnaHvSvwyFEEwKxHAhy3thvhiVFTE33LsKeye success
Transaction executed in slot 116133122:
  Signature: 5t7YhmDVXjehNkALjw1Z83mt43Mwm3LeN2GeN1T64bByMrSbyqMrTqfrDSMhVoTKKvQadhK6EJG3vSQUYZR4HTYr
  Status: Ok
  Log Messages:
    Program GQ9tD6hwnaHvSvwyFEEwKxHAhy3thvhiVFTE33LsKeye invoke [1]
    Program log: Instruction: Initialize
    Program 11111111111111111111111111111111 invoke [2]
    Program 11111111111111111111111111111111 success
    Program TokenkegQfeZyiNwAJbNbGKPFXCWuBvf9Ss623VQ5DA invoke [2]
    Program log: Instruction: InitializeAccount
    Program TokenkegQfeZyiNwAJbNbGKPFXCWuBvf9Ss623VQ5DA consumed 3272 of 187874 compute units
    Program TokenkegQfeZyiNwAJbNbGKPFXCWuBvf9Ss623VQ5DA success
    Program TokenkegQfeZyiNwAJbNbGKPFXCWuBvf9Ss623VQ5DA invoke [2]
    Program log: Instruction: SetAuthority
    Program TokenkegQfeZyiNwAJbNbGKPFXCWuBvf9Ss623VQ5DA consumed 1770 of 170410 compute units
    Program TokenkegQfeZyiNwAJbNbGKPFXCWuBvf9Ss623VQ5DA success
    Program GQ9tD6hwnaHvSvwyFEEwKxHAhy3thvhiVFTE33LsKeye consumed 32264 of 200000 compute units
    Program GQ9tD6hwnaHvSvwyFEEwKxHAhy3thvhiVFTE33LsKeye success
Transaction executed in slot 116133122:
  Signature: 23G1KdeLRSGvXngVz5oeNWEo7pXRwL2N2FHBQxZ3bH7noKy98ETUiGA3WsxEokpCGgzK1Nz4nCRTZyLzeNGZqqjc
  Status: Ok
  Log Messages:
    Program GQ9tD6hwnaHvSvwyFEEwKxHAhy3thvhiVFTE33LsKeye invoke [1]
    Program log: Instruction: Deposit
    Program 11111111111111111111111111111111 invoke [2]
    Program 11111111111111111111111111111111 success
    Program TokenkegQfeZyiNwAJbNbGKPFXCWuBvf9Ss623VQ5DA invoke [2]
    Program log: Instruction: Transfer
    Program TokenkegQfeZyiNwAJbNbGKPFXCWuBvf9Ss623VQ5DA consumed 2643 of 182262 compute units
    Program TokenkegQfeZyiNwAJbNbGKPFXCWuBvf9Ss623VQ5DA success
    Program GQ9tD6hwnaHvSvwyFEEwKxHAhy3thvhiVFTE33LsKeye consumed 22119 of 200000 compute units
    Program GQ9tD6hwnaHvSvwyFEEwKxHAhy3thvhiVFTE33LsKeye success
Transaction executed in slot 116133123:
  Signature: 23G1KdeLRSGvXngVz5oeNWEo7pXRwL2N2FHBQxZ3bH7noKy98ETUiGA3WsxEokpCGgzK1Nz4nCRTZyLzeNGZqqjc
  Status: Ok
  Log Messages:
    Program GQ9tD6hwnaHvSvwyFEEwKxHAhy3thvhiVFTE33LsKeye invoke [1]
    Program log: Instruction: Deposit
    Program 11111111111111111111111111111111 invoke [2]
    Program 11111111111111111111111111111111 success
    Program TokenkegQfeZyiNwAJbNbGKPFXCWuBvf9Ss623VQ5DA invoke [2]
    Program log: Instruction: Transfer
    Program TokenkegQfeZyiNwAJbNbGKPFXCWuBvf9Ss623VQ5DA consumed 2643 of 182262 compute units
    Program TokenkegQfeZyiNwAJbNbGKPFXCWuBvf9Ss623VQ5DA success
    Program GQ9tD6hwnaHvSvwyFEEwKxHAhy3thvhiVFTE33LsKeye consumed 22119 of 200000 compute units
    Program GQ9tD6hwnaHvSvwyFEEwKxHAhy3thvhiVFTE33LsKeye success
Transaction executed in slot 116133123:
  Signature: 5AUJwSzf8K1K7NHWrfcerEtEdZ2yC4Ro1sG6ZvN9anfSxS32Mtsx6beUPiUhV3VcUjr6d2g8f5ZNfLdtys6zi9di
  Status: Ok
  Log Messages:
    Program GQ9tD6hwnaHvSvwyFEEwKxHAhy3thvhiVFTE33LsKeye invoke [1]
    Program log: Instruction: Deposit
    Program 11111111111111111111111111111111 invoke [2]
    Program 11111111111111111111111111111111 success
    Program TokenkegQfeZyiNwAJbNbGKPFXCWuBvf9Ss623VQ5DA invoke [2]
    Program log: Instruction: Transfer
    Program TokenkegQfeZyiNwAJbNbGKPFXCWuBvf9Ss623VQ5DA consumed 2643 of 182262 compute units
    Program TokenkegQfeZyiNwAJbNbGKPFXCWuBvf9Ss623VQ5DA success
    Program GQ9tD6hwnaHvSvwyFEEwKxHAhy3thvhiVFTE33LsKeye consumed 22119 of 200000 compute units
    Program GQ9tD6hwnaHvSvwyFEEwKxHAhy3thvhiVFTE33LsKeye success
Transaction executed in slot 116133124:
  Signature: 5AUJwSzf8K1K7NHWrfcerEtEdZ2yC4Ro1sG6ZvN9anfSxS32Mtsx6beUPiUhV3VcUjr6d2g8f5ZNfLdtys6zi9di
  Status: Ok
  Log Messages:
    Program GQ9tD6hwnaHvSvwyFEEwKxHAhy3thvhiVFTE33LsKeye invoke [1]
    Program log: Instruction: Deposit
    Program 11111111111111111111111111111111 invoke [2]
    Program 11111111111111111111111111111111 success
    Program TokenkegQfeZyiNwAJbNbGKPFXCWuBvf9Ss623VQ5DA invoke [2]
    Program log: Instruction: Transfer
    Program TokenkegQfeZyiNwAJbNbGKPFXCWuBvf9Ss623VQ5DA consumed 2643 of 182262 compute units
    Program TokenkegQfeZyiNwAJbNbGKPFXCWuBvf9Ss623VQ5DA success
    Program GQ9tD6hwnaHvSvwyFEEwKxHAhy3thvhiVFTE33LsKeye consumed 22119 of 200000 compute units
    Program GQ9tD6hwnaHvSvwyFEEwKxHAhy3thvhiVFTE33LsKeye success
Transaction executed in slot 116133124:
  Signature: 5YRSCEgsGunBUv1XMTRrW2Dbeb6TPXxEU5Ac43aUFjASbtFCmCL7D257Hav5BrvAB89s8oiUyK2MEHNaaERZHNyV
  Status: Ok
  Log Messages:
    Program GQ9tD6hwnaHvSvwyFEEwKxHAhy3thvhiVFTE33LsKeye invoke [1]
    Program log: Instruction: Withdraw
    Program TokenkegQfeZyiNwAJbNbGKPFXCWuBvf9Ss623VQ5DA invoke [2]
    Program log: Instruction: Transfer
    Program TokenkegQfeZyiNwAJbNbGKPFXCWuBvf9Ss623VQ5DA consumed 2643 of 186405 compute units
    Program TokenkegQfeZyiNwAJbNbGKPFXCWuBvf9Ss623VQ5DA success
    Program GQ9tD6hwnaHvSvwyFEEwKxHAhy3thvhiVFTE33LsKeye consumed 17966 of 200000 compute units
    Program GQ9tD6hwnaHvSvwyFEEwKxHAhy3thvhiVFTE33LsKeye success
Transaction executed in slot 116133125:
  Signature: 5YRSCEgsGunBUv1XMTRrW2Dbeb6TPXxEU5Ac43aUFjASbtFCmCL7D257Hav5BrvAB89s8oiUyK2MEHNaaERZHNyV
  Status: Ok
  Log Messages:
    Program GQ9tD6hwnaHvSvwyFEEwKxHAhy3thvhiVFTE33LsKeye invoke [1]
    Program log: Instruction: Withdraw
    Program TokenkegQfeZyiNwAJbNbGKPFXCWuBvf9Ss623VQ5DA invoke [2]
    Program log: Instruction: Transfer
    Program TokenkegQfeZyiNwAJbNbGKPFXCWuBvf9Ss623VQ5DA consumed 2643 of 186405 compute units
    Program TokenkegQfeZyiNwAJbNbGKPFXCWuBvf9Ss623VQ5DA success
    Program GQ9tD6hwnaHvSvwyFEEwKxHAhy3thvhiVFTE33LsKeye consumed 17966 of 200000 compute units
    Program GQ9tD6hwnaHvSvwyFEEwKxHAhy3thvhiVFTE33LsKeye success
